2018.09.06 17:31:04 org.jivesoftware.openfire.net.DNSUtil - Can't process DNS lookup!
javax.naming.OperationNotSupportedException: DNS service refused [response code 5]; remaining name '_xmpp-server._tcp.grupoprueba1.'
	at com.sun.jndi.dns.DnsClient.checkResponseCode(DnsClient.java:659)
	at com.sun.jndi.dns.DnsClient.isMatchResponse(DnsClient.java:574)
	at com.sun.jndi.dns.DnsClient.doUdpQuery(DnsClient.java:423)
	at com.sun.jndi.dns.DnsClient.query(DnsClient.java:208)
	at com.sun.jndi.dns.Resolver.query(Resolver.java:81)
	at com.sun.jndi.dns.DnsContext.c_getAttributes(DnsContext.java:434)
	at com.sun.jndi.toolkit.ctx.ComponentDirContext.p_getAttributes(ComponentDirContext.java:235)
	at com.sun.jndi.toolkit.ctx.PartialCompositeDirContext.getAttributes(PartialCompositeDirContext.java:141)
	at com.sun.jndi.toolkit.ctx.PartialCompositeDirContext.getAttributes(PartialCompositeDirContext.java:129)
	at javax.naming.directory.InitialDirContext.getAttributes(InitialDirContext.java:142)
	at org.jivesoftware.openfire.net.DNSUtil.srvLookup(DNSUtil.java:203)
	at org.jivesoftware.openfire.net.DNSUtil.resolveXMPPDomain(DNSUtil.java:97)
	at org.jivesoftware.openfire.net.SocketUtil.createSocketToXmppDomain(SocketUtil.java:43)
	at org.jivesoftware.openfire.session.LocalOutgoingServerSession.createOutgoingSession(LocalOutgoingServerSession.java:245)
	at org.jivesoftware.openfire.session.LocalOutgoingServerSession.authenticateDomain(LocalOutgoingServerSession.java:206)
	at org.jivesoftware.openfire.server.OutgoingSessionPromise$PacketsProcessor.sendPacket(OutgoingSessionPromise.java:260)
	at org.jivesoftware.openfire.server.OutgoingSessionPromise$PacketsProcessor.run(OutgoingSessionPromise.java:238)
	at java.util.concurrent.ThreadPoolExecutor.runWorker(ThreadPoolExecutor.java:1149)
	at java.util.concurrent.ThreadPoolExecutor$Worker.run(ThreadPoolExecutor.java:624)
	at java.lang.Thread.run(Thread.java:748)
2018.09.06 17:31:04 org.jivesoftware.openfire.net.DNSUtil - Can't process DNS lookup!
javax.naming.OperationNotSupportedException: DNS service refused [response code 5]; remaining name '_jabber._tcp.grupoprueba1.'
	at com.sun.jndi.dns.DnsClient.checkResponseCode(DnsClient.java:659)
	at com.sun.jndi.dns.DnsClient.isMatchResponse(DnsClient.java:574)
	at com.sun.jndi.dns.DnsClient.doUdpQuery(DnsClient.java:423)
	at com.sun.jndi.dns.DnsClient.query(DnsClient.java:208)
	at com.sun.jndi.dns.Resolver.query(Resolver.java:81)
	at com.sun.jndi.dns.DnsContext.c_getAttributes(DnsContext.java:434)
	at com.sun.jndi.toolkit.ctx.ComponentDirContext.p_getAttributes(ComponentDirContext.java:235)
	at com.sun.jndi.toolkit.ctx.PartialCompositeDirContext.getAttributes(PartialCompositeDirContext.java:141)
	at com.sun.jndi.toolkit.ctx.PartialCompositeDirContext.getAttributes(PartialCompositeDirContext.java:129)
	at javax.naming.directory.InitialDirContext.getAttributes(InitialDirContext.java:142)
	at org.jivesoftware.openfire.net.DNSUtil.srvLookup(DNSUtil.java:203)
	at org.jivesoftware.openfire.net.DNSUtil.resolveXMPPDomain(DNSUtil.java:99)
	at org.jivesoftware.openfire.net.SocketUtil.createSocketToXmppDomain(SocketUtil.java:43)
	at org.jivesoftware.openfire.session.LocalOutgoingServerSession.createOutgoingSession(LocalOutgoingServerSession.java:245)
	at org.jivesoftware.openfire.session.LocalOutgoingServerSession.authenticateDomain(LocalOutgoingServerSession.java:206)
	at org.jivesoftware.openfire.server.OutgoingSessionPromise$PacketsProcessor.sendPacket(OutgoingSessionPromise.java:260)
	at org.jivesoftware.openfire.server.OutgoingSessionPromise$PacketsProcessor.run(OutgoingSessionPromise.java:238)
	at java.util.concurrent.ThreadPoolExecutor.runWorker(ThreadPoolExecutor.java:1149)
	at java.util.concurrent.ThreadPoolExecutor$Worker.run(ThreadPoolExecutor.java:624)
	at java.lang.Thread.run(Thread.java:748)
2018.09.06 17:31:06 org.jivesoftware.openfire.net.DNSUtil - Can't process DNS lookup!
javax.naming.OperationNotSupportedException: DNS service refused [response code 5]; remaining name '_xmpp-server._tcp.grupoprueba1.'
	at com.sun.jndi.dns.DnsClient.checkResponseCode(DnsClient.java:659)
	at com.sun.jndi.dns.DnsClient.isMatchResponse(DnsClient.java:574)
	at com.sun.jndi.dns.DnsClient.doUdpQuery(DnsClient.java:423)
	at com.sun.jndi.dns.DnsClient.query(DnsClient.java:208)
	at com.sun.jndi.dns.Resolver.query(Resolver.java:81)
	at com.sun.jndi.dns.DnsContext.c_getAttributes(DnsContext.java:434)
	at com.sun.jndi.toolkit.ctx.ComponentDirContext.p_getAttributes(ComponentDirContext.java:235)
	at com.sun.jndi.toolkit.ctx.PartialCompositeDirContext.getAttributes(PartialCompositeDirContext.java:141)
	at com.sun.jndi.toolkit.ctx.PartialCompositeDirContext.getAttributes(PartialCompositeDirContext.java:129)
	at javax.naming.directory.InitialDirContext.getAttributes(InitialDirContext.java:142)
	at org.jivesoftware.openfire.net.DNSUtil.srvLookup(DNSUtil.java:203)
	at org.jivesoftware.openfire.net.DNSUtil.resolveXMPPDomain(DNSUtil.java:97)
	at org.jivesoftware.openfire.net.SocketUtil.createSocketToXmppDomain(SocketUtil.java:43)
	at org.jivesoftware.openfire.session.LocalOutgoingServerSession.createOutgoingSession(LocalOutgoingServerSession.java:245)
	at org.jivesoftware.openfire.session.LocalOutgoingServerSession.authenticateDomain(LocalOutgoingServerSession.java:206)
	at org.jivesoftware.openfire.server.OutgoingSessionPromise$PacketsProcessor.sendPacket(OutgoingSessionPromise.java:260)
	at org.jivesoftware.openfire.server.OutgoingSessionPromise$PacketsProcessor.run(OutgoingSessionPromise.java:238)
	at java.util.concurrent.ThreadPoolExecutor.runWorker(ThreadPoolExecutor.java:1149)
	at java.util.concurrent.ThreadPoolExecutor$Worker.run(ThreadPoolExecutor.java:624)
	at java.lang.Thread.run(Thread.java:748)
2018.09.06 17:31:06 org.jivesoftware.openfire.net.DNSUtil - Can't process DNS lookup!
javax.naming.OperationNotSupportedException: DNS service refused [response code 5]; remaining name '_jabber._tcp.grupoprueba1.'
	at com.sun.jndi.dns.DnsClient.checkResponseCode(DnsClient.java:659)
	at com.sun.jndi.dns.DnsClient.isMatchResponse(DnsClient.java:574)
	at com.sun.jndi.dns.DnsClient.doUdpQuery(DnsClient.java:423)
	at com.sun.jndi.dns.DnsClient.query(DnsClient.java:208)
	at com.sun.jndi.dns.Resolver.query(Resolver.java:81)
	at com.sun.jndi.dns.DnsContext.c_getAttributes(DnsContext.java:434)
	at com.sun.jndi.toolkit.ctx.ComponentDirContext.p_getAttributes(ComponentDirContext.java:235)
	at com.sun.jndi.toolkit.ctx.PartialCompositeDirContext.getAttributes(PartialCompositeDirContext.java:141)
	at com.sun.jndi.toolkit.ctx.PartialCompositeDirContext.getAttributes(PartialCompositeDirContext.java:129)
	at javax.naming.directory.InitialDirContext.getAttributes(InitialDirContext.java:142)
	at org.jivesoftware.openfire.net.DNSUtil.srvLookup(DNSUtil.java:203)
	at org.jivesoftware.openfire.net.DNSUtil.resolveXMPPDomain(DNSUtil.java:99)
	at org.jivesoftware.openfire.net.SocketUtil.createSocketToXmppDomain(SocketUtil.java:43)
	at org.jivesoftware.openfire.session.LocalOutgoingServerSession.createOutgoingSession(LocalOutgoingServerSession.java:245)
	at org.jivesoftware.openfire.session.LocalOutgoingServerSession.authenticateDomain(LocalOutgoingServerSession.java:206)
	at org.jivesoftware.openfire.server.OutgoingSessionPromise$PacketsProcessor.sendPacket(OutgoingSessionPromise.java:260)
	at org.jivesoftware.openfire.server.OutgoingSessionPromise$PacketsProcessor.run(OutgoingSessionPromise.java:238)
	at java.util.concurrent.ThreadPoolExecutor.runWorker(ThreadPoolExecutor.java:1149)
	at java.util.concurrent.ThreadPoolExecutor$Worker.run(ThreadPoolExecutor.java:624)
	at java.lang.Thread.run(Thread.java:748)
2018.09.06 17:31:12 org.jivesoftware.openfire.net.DNSUtil - Can't process DNS lookup!
javax.naming.OperationNotSupportedException: DNS service refused [response code 5]; remaining name '_xmpp-server._tcp.grupoprueba1.'
	at com.sun.jndi.dns.DnsClient.checkResponseCode(DnsClient.java:659)
	at com.sun.jndi.dns.DnsClient.isMatchResponse(DnsClient.java:574)
	at com.sun.jndi.dns.DnsClient.doUdpQuery(DnsClient.java:423)
	at com.sun.jndi.dns.DnsClient.query(DnsClient.java:208)
	at com.sun.jndi.dns.Resolver.query(Resolver.java:81)
	at com.sun.jndi.dns.DnsContext.c_getAttributes(DnsContext.java:434)
	at com.sun.jndi.toolkit.ctx.ComponentDirContext.p_getAttributes(ComponentDirContext.java:235)
	at com.sun.jndi.toolkit.ctx.PartialCompositeDirContext.getAttributes(PartialCompositeDirContext.java:141)
	at com.sun.jndi.toolkit.ctx.PartialCompositeDirContext.getAttributes(PartialCompositeDirContext.java:129)
	at javax.naming.directory.InitialDirContext.getAttributes(InitialDirContext.java:142)
	at org.jivesoftware.openfire.net.DNSUtil.srvLookup(DNSUtil.java:203)
	at org.jivesoftware.openfire.net.DNSUtil.resolveXMPPDomain(DNSUtil.java:97)
	at org.jivesoftware.openfire.net.SocketUtil.createSocketToXmppDomain(SocketUtil.java:43)
	at org.jivesoftware.openfire.session.LocalOutgoingServerSession.createOutgoingSession(LocalOutgoingServerSession.java:245)
	at org.jivesoftware.openfire.session.LocalOutgoingServerSession.authenticateDomain(LocalOutgoingServerSession.java:206)
	at org.jivesoftware.openfire.server.OutgoingSessionPromise$PacketsProcessor.sendPacket(OutgoingSessionPromise.java:260)
	at org.jivesoftware.openfire.server.OutgoingSessionPromise$PacketsProcessor.run(OutgoingSessionPromise.java:238)
	at java.util.concurrent.ThreadPoolExecutor.runWorker(ThreadPoolExecutor.java:1149)
	at java.util.concurrent.ThreadPoolExecutor$Worker.run(ThreadPoolExecutor.java:624)
	at java.lang.Thread.run(Thread.java:748)
2018.09.06 17:31:12 org.jivesoftware.openfire.net.DNSUtil - Can't process DNS lookup!
javax.naming.OperationNotSupportedException: DNS service refused [response code 5]; remaining name '_jabber._tcp.grupoprueba1.'
	at com.sun.jndi.dns.DnsClient.checkResponseCode(DnsClient.java:659)
	at com.sun.jndi.dns.DnsClient.isMatchResponse(DnsClient.java:574)
	at com.sun.jndi.dns.DnsClient.doUdpQuery(DnsClient.java:423)
	at com.sun.jndi.dns.DnsClient.query(DnsClient.java:208)
	at com.sun.jndi.dns.Resolver.query(Resolver.java:81)
	at com.sun.jndi.dns.DnsContext.c_getAttributes(DnsContext.java:434)
	at com.sun.jndi.toolkit.ctx.ComponentDirContext.p_getAttributes(ComponentDirContext.java:235)
	at com.sun.jndi.toolkit.ctx.PartialCompositeDirContext.getAttributes(PartialCompositeDirContext.java:141)
	at com.sun.jndi.toolkit.ctx.PartialCompositeDirContext.getAttributes(PartialCompositeDirContext.java:129)
	at javax.naming.directory.InitialDirContext.getAttributes(InitialDirContext.java:142)
	at org.jivesoftware.openfire.net.DNSUtil.srvLookup(DNSUtil.java:203)
	at org.jivesoftware.openfire.net.DNSUtil.resolveXMPPDomain(DNSUtil.java:99)
	at org.jivesoftware.openfire.net.SocketUtil.createSocketToXmppDomain(SocketUtil.java:43)
	at org.jivesoftware.openfire.session.LocalOutgoingServerSession.createOutgoingSession(LocalOutgoingServerSession.java:245)
	at org.jivesoftware.openfire.session.LocalOutgoingServerSession.authenticateDomain(LocalOutgoingServerSession.java:206)
	at org.jivesoftware.openfire.server.OutgoingSessionPromise$PacketsProcessor.sendPacket(OutgoingSessionPromise.java:260)
	at org.jivesoftware.openfire.server.OutgoingSessionPromise$PacketsProcessor.run(OutgoingSessionPromise.java:238)
	at java.util.concurrent.ThreadPoolExecutor.runWorker(ThreadPoolExecutor.java:1149)
	at java.util.concurrent.ThreadPoolExecutor$Worker.run(ThreadPoolExecutor.java:624)
	at java.lang.Thread.run(Thread.java:748)
2018.09.06 17:31:55 org.jivesoftware.openfire.net.DNSUtil - Can't process DNS lookup!
javax.naming.OperationNotSupportedException: DNS service refused [response code 5]; remaining name '_xmpp-server._tcp.grupoprueba1.'
	at com.sun.jndi.dns.DnsClient.checkResponseCode(DnsClient.java:659)
	at com.sun.jndi.dns.DnsClient.isMatchResponse(DnsClient.java:574)
	at com.sun.jndi.dns.DnsClient.doUdpQuery(DnsClient.java:423)
	at com.sun.jndi.dns.DnsClient.query(DnsClient.java:208)
	at com.sun.jndi.dns.Resolver.query(Resolver.java:81)
	at com.sun.jndi.dns.DnsContext.c_getAttributes(DnsContext.java:434)
	at com.sun.jndi.toolkit.ctx.ComponentDirContext.p_getAttributes(ComponentDirContext.java:235)
	at com.sun.jndi.toolkit.ctx.PartialCompositeDirContext.getAttributes(PartialCompositeDirContext.java:141)
	at com.sun.jndi.toolkit.ctx.PartialCompositeDirContext.getAttributes(PartialCompositeDirContext.java:129)
	at javax.naming.directory.InitialDirContext.getAttributes(InitialDirContext.java:142)
	at org.jivesoftware.openfire.net.DNSUtil.srvLookup(DNSUtil.java:203)
	at org.jivesoftware.openfire.net.DNSUtil.resolveXMPPDomain(DNSUtil.java:97)
	at org.jivesoftware.openfire.net.SocketUtil.createSocketToXmppDomain(SocketUtil.java:43)
	at org.jivesoftware.openfire.session.LocalOutgoingServerSession.createOutgoingSession(LocalOutgoingServerSession.java:245)
	at org.jivesoftware.openfire.session.LocalOutgoingServerSession.authenticateDomain(LocalOutgoingServerSession.java:206)
	at org.jivesoftware.openfire.server.OutgoingSessionPromise$PacketsProcessor.sendPacket(OutgoingSessionPromise.java:260)
	at org.jivesoftware.openfire.server.OutgoingSessionPromise$PacketsProcessor.run(OutgoingSessionPromise.java:238)
	at java.util.concurrent.ThreadPoolExecutor.runWorker(ThreadPoolExecutor.java:1149)
	at java.util.concurrent.ThreadPoolExecutor$Worker.run(ThreadPoolExecutor.java:624)
	at java.lang.Thread.run(Thread.java:748)
2018.09.06 17:31:55 org.jivesoftware.openfire.net.DNSUtil - Can't process DNS lookup!
javax.naming.OperationNotSupportedException: DNS service refused [response code 5]; remaining name '_jabber._tcp.grupoprueba1.'
	at com.sun.jndi.dns.DnsClient.checkResponseCode(DnsClient.java:659)
	at com.sun.jndi.dns.DnsClient.isMatchResponse(DnsClient.java:574)
	at com.sun.jndi.dns.DnsClient.doUdpQuery(DnsClient.java:423)
	at com.sun.jndi.dns.DnsClient.query(DnsClient.java:208)
	at com.sun.jndi.dns.Resolver.query(Resolver.java:81)
	at com.sun.jndi.dns.DnsContext.c_getAttributes(DnsContext.java:434)
	at com.sun.jndi.toolkit.ctx.ComponentDirContext.p_getAttributes(ComponentDirContext.java:235)
	at com.sun.jndi.toolkit.ctx.PartialCompositeDirContext.getAttributes(PartialCompositeDirContext.java:141)
	at com.sun.jndi.toolkit.ctx.PartialCompositeDirContext.getAttributes(PartialCompositeDirContext.java:129)
	at javax.naming.directory.InitialDirContext.getAttributes(InitialDirContext.java:142)
	at org.jivesoftware.openfire.net.DNSUtil.srvLookup(DNSUtil.java:203)
	at org.jivesoftware.openfire.net.DNSUtil.resolveXMPPDomain(DNSUtil.java:99)
	at org.jivesoftware.openfire.net.SocketUtil.createSocketToXmppDomain(SocketUtil.java:43)
	at org.jivesoftware.openfire.session.LocalOutgoingServerSession.createOutgoingSession(LocalOutgoingServerSession.java:245)
	at org.jivesoftware.openfire.session.LocalOutgoingServerSession.authenticateDomain(LocalOutgoingServerSession.java:206)
	at org.jivesoftware.openfire.server.OutgoingSessionPromise$PacketsProcessor.sendPacket(OutgoingSessionPromise.java:260)
	at org.jivesoftware.openfire.server.OutgoingSessionPromise$PacketsProcessor.run(OutgoingSessionPromise.java:238)
	at java.util.concurrent.ThreadPoolExecutor.runWorker(ThreadPoolExecutor.java:1149)
	at java.util.concurrent.ThreadPoolExecutor$Worker.run(ThreadPoolExecutor.java:624)
	at java.lang.Thread.run(Thread.java:748)
2018.09.06 17:39:36 org.jivesoftware.openfire.filetransfer.proxy.ProxyConnectionManager - Error processing file transfer proxy connection
java.io.IOException: Illegal proxy transfer
	at org.jivesoftware.openfire.filetransfer.proxy.ProxyConnectionManager.processConnection(ProxyConnectionManager.java:205)
	at org.jivesoftware.openfire.filetransfer.proxy.ProxyConnectionManager.access$200(ProxyConnectionManager.java:53)
	at org.jivesoftware.openfire.filetransfer.proxy.ProxyConnectionManager$1$1.run(ProxyConnectionManager.java:125)
	at java.util.concurrent.Executors$RunnableAdapter.call(Executors.java:511)
	at java.util.concurrent.FutureTask.run(FutureTask.java:266)
	at java.util.concurrent.ThreadPoolExecutor.runWorker(ThreadPoolExecutor.java:1149)
	at java.util.concurrent.ThreadPoolExecutor$Worker.run(ThreadPoolExecutor.java:624)
	at java.lang.Thread.run(Thread.java:748)
2018.09.06 17:39:36 org.jivesoftware.openfire.filetransfer.proxy.ProxyConnectionManager - Error processing file transfer proxy connection
java.io.IOException: Illegal proxy transfer
	at org.jivesoftware.openfire.filetransfer.proxy.ProxyConnectionManager.processConnection(ProxyConnectionManager.java:205)
	at org.jivesoftware.openfire.filetransfer.proxy.ProxyConnectionManager.access$200(ProxyConnectionManager.java:53)
	at org.jivesoftware.openfire.filetransfer.proxy.ProxyConnectionManager$1$1.run(ProxyConnectionManager.java:125)
	at java.util.concurrent.Executors$RunnableAdapter.call(Executors.java:511)
	at java.util.concurrent.FutureTask.run(FutureTask.java:266)
	at java.util.concurrent.ThreadPoolExecutor.runWorker(ThreadPoolExecutor.java:1149)
	at java.util.concurrent.ThreadPoolExecutor$Worker.run(ThreadPoolExecutor.java:624)
	at java.lang.Thread.run(Thread.java:748)
2018.09.06 17:41:43 org.jivesoftware.openfire.filetransfer.proxy.ProxyConnectionManager - Error processing file transfer proxy connection
java.io.IOException: Illegal proxy transfer
	at org.jivesoftware.openfire.filetransfer.proxy.ProxyConnectionManager.processConnection(ProxyConnectionManager.java:205)
	at org.jivesoftware.openfire.filetransfer.proxy.ProxyConnectionManager.access$200(ProxyConnectionManager.java:53)
	at org.jivesoftware.openfire.filetransfer.proxy.ProxyConnectionManager$1$1.run(ProxyConnectionManager.java:125)
	at java.util.concurrent.Executors$RunnableAdapter.call(Executors.java:511)
	at java.util.concurrent.FutureTask.run(FutureTask.java:266)
	at java.util.concurrent.ThreadPoolExecutor.runWorker(ThreadPoolExecutor.java:1149)
	at java.util.concurrent.ThreadPoolExecutor$Worker.run(ThreadPoolExecutor.java:624)
	at java.lang.Thread.run(Thread.java:748)
2018.09.06 17:41:43 org.jivesoftware.openfire.filetransfer.proxy.ProxyConnectionManager - Error processing file transfer proxy connection
java.io.IOException: Illegal proxy transfer
	at org.jivesoftware.openfire.filetransfer.proxy.ProxyConnectionManager.processConnection(ProxyConnectionManager.java:205)
	at org.jivesoftware.openfire.filetransfer.proxy.ProxyConnectionManager.access$200(ProxyConnectionManager.java:53)
	at org.jivesoftware.openfire.filetransfer.proxy.ProxyConnectionManager$1$1.run(ProxyConnectionManager.java:125)
	at java.util.concurrent.Executors$RunnableAdapter.call(Executors.java:511)
	at java.util.concurrent.FutureTask.run(FutureTask.java:266)
	at java.util.concurrent.ThreadPoolExecutor.runWorker(ThreadPoolExecutor.java:1149)
	at java.util.concurrent.ThreadPoolExecutor$Worker.run(ThreadPoolExecutor.java:624)
	at java.lang.Thread.run(Thread.java:748)
2018.09.06 17:42:41 org.jivesoftware.openfire.filetransfer.proxy.ProxyConnectionManager - Error processing file transfer proxy connection
java.io.IOException: Illegal proxy transfer
	at org.jivesoftware.openfire.filetransfer.proxy.ProxyConnectionManager.processConnection(ProxyConnectionManager.java:205)
	at org.jivesoftware.openfire.filetransfer.proxy.ProxyConnectionManager.access$200(ProxyConnectionManager.java:53)
	at org.jivesoftware.openfire.filetransfer.proxy.ProxyConnectionManager$1$1.run(ProxyConnectionManager.java:125)
	at java.util.concurrent.Executors$RunnableAdapter.call(Executors.java:511)
	at java.util.concurrent.FutureTask.run(FutureTask.java:266)
	at java.util.concurrent.ThreadPoolExecutor.runWorker(ThreadPoolExecutor.java:1149)
	at java.util.concurrent.ThreadPoolExecutor$Worker.run(ThreadPoolExecutor.java:624)
	at java.lang.Thread.run(Thread.java:748)
2018.09.06 17:43:00 org.jivesoftware.openfire.filetransfer.proxy.ProxyConnectionManager - Error processing file transfer proxy connection
java.io.IOException: Illegal proxy transfer
	at org.jivesoftware.openfire.filetransfer.proxy.ProxyConnectionManager.processConnection(ProxyConnectionManager.java:205)
	at org.jivesoftware.openfire.filetransfer.proxy.ProxyConnectionManager.access$200(ProxyConnectionManager.java:53)
	at org.jivesoftware.openfire.filetransfer.proxy.ProxyConnectionManager$1$1.run(ProxyConnectionManager.java:125)
	at java.util.concurrent.Executors$RunnableAdapter.call(Executors.java:511)
	at java.util.concurrent.FutureTask.run(FutureTask.java:266)
	at java.util.concurrent.ThreadPoolExecutor.runWorker(ThreadPoolExecutor.java:1149)
	at java.util.concurrent.ThreadPoolExecutor$Worker.run(ThreadPoolExecutor.java:624)
	at java.lang.Thread.run(Thread.java:748)
2018.09.06 17:50:57 org.jivesoftware.openfire.net.DNSUtil - Can't process DNS lookup!
javax.naming.OperationNotSupportedException: DNS service refused [response code 5]; remaining name '_xmpp-server._tcp.bryan.'
	at com.sun.jndi.dns.DnsClient.checkResponseCode(DnsClient.java:659)
	at com.sun.jndi.dns.DnsClient.isMatchResponse(DnsClient.java:574)
	at com.sun.jndi.dns.DnsClient.doUdpQuery(DnsClient.java:423)
	at com.sun.jndi.dns.DnsClient.query(DnsClient.java:208)
	at com.sun.jndi.dns.Resolver.query(Resolver.java:81)
	at com.sun.jndi.dns.DnsContext.c_getAttributes(DnsContext.java:434)
	at com.sun.jndi.toolkit.ctx.ComponentDirContext.p_getAttributes(ComponentDirContext.java:235)
	at com.sun.jndi.toolkit.ctx.PartialCompositeDirContext.getAttributes(PartialCompositeDirContext.java:141)
	at com.sun.jndi.toolkit.ctx.PartialCompositeDirContext.getAttributes(PartialCompositeDirContext.java:129)
	at javax.naming.directory.InitialDirContext.getAttributes(InitialDirContext.java:142)
	at org.jivesoftware.openfire.net.DNSUtil.srvLookup(DNSUtil.java:203)
	at org.jivesoftware.openfire.net.DNSUtil.resolveXMPPDomain(DNSUtil.java:97)
	at org.jivesoftware.openfire.net.SocketUtil.createSocketToXmppDomain(SocketUtil.java:43)
	at org.jivesoftware.openfire.session.LocalOutgoingServerSession.createOutgoingSession(LocalOutgoingServerSession.java:245)
	at org.jivesoftware.openfire.session.LocalOutgoingServerSession.authenticateDomain(LocalOutgoingServerSession.java:206)
	at org.jivesoftware.openfire.server.OutgoingSessionPromise$PacketsProcessor.sendPacket(OutgoingSessionPromise.java:260)
	at org.jivesoftware.openfire.server.OutgoingSessionPromise$PacketsProcessor.run(OutgoingSessionPromise.java:238)
	at java.util.concurrent.ThreadPoolExecutor.runWorker(ThreadPoolExecutor.java:1149)
	at java.util.concurrent.ThreadPoolExecutor$Worker.run(ThreadPoolExecutor.java:624)
	at java.lang.Thread.run(Thread.java:748)
2018.09.06 17:50:57 org.jivesoftware.openfire.net.DNSUtil - Can't process DNS lookup!
javax.naming.OperationNotSupportedException: DNS service refused [response code 5]; remaining name '_jabber._tcp.bryan.'
	at com.sun.jndi.dns.DnsClient.checkResponseCode(DnsClient.java:659)
	at com.sun.jndi.dns.DnsClient.isMatchResponse(DnsClient.java:574)
	at com.sun.jndi.dns.DnsClient.doUdpQuery(DnsClient.java:423)
	at com.sun.jndi.dns.DnsClient.query(DnsClient.java:208)
	at com.sun.jndi.dns.Resolver.query(Resolver.java:81)
	at com.sun.jndi.dns.DnsContext.c_getAttributes(DnsContext.java:434)
	at com.sun.jndi.toolkit.ctx.ComponentDirContext.p_getAttributes(ComponentDirContext.java:235)
	at com.sun.jndi.toolkit.ctx.PartialCompositeDirContext.getAttributes(PartialCompositeDirContext.java:141)
	at com.sun.jndi.toolkit.ctx.PartialCompositeDirContext.getAttributes(PartialCompositeDirContext.java:129)
	at javax.naming.directory.InitialDirContext.getAttributes(InitialDirContext.java:142)
	at org.jivesoftware.openfire.net.DNSUtil.srvLookup(DNSUtil.java:203)
	at org.jivesoftware.openfire.net.DNSUtil.resolveXMPPDomain(DNSUtil.java:99)
	at org.jivesoftware.openfire.net.SocketUtil.createSocketToXmppDomain(SocketUtil.java:43)
	at org.jivesoftware.openfire.session.LocalOutgoingServerSession.createOutgoingSession(LocalOutgoingServerSession.java:245)
	at org.jivesoftware.openfire.session.LocalOutgoingServerSession.authenticateDomain(LocalOutgoingServerSession.java:206)
	at org.jivesoftware.openfire.server.OutgoingSessionPromise$PacketsProcessor.sendPacket(OutgoingSessionPromise.java:260)
	at org.jivesoftware.openfire.server.OutgoingSessionPromise$PacketsProcessor.run(OutgoingSessionPromise.java:238)
	at java.util.concurrent.ThreadPoolExecutor.runWorker(ThreadPoolExecutor.java:1149)
	at java.util.concurrent.ThreadPoolExecutor$Worker.run(ThreadPoolExecutor.java:624)
	at java.lang.Thread.run(Thread.java:748)
2018.09.06 17:51:23 com.reucon.openfire.plugin.archive.xep0313.IQQueryHandler - Error during resource binding. Session not found in [] for key bry2@lapjair/phone
2018.09.06 17:52:23 org.jivesoftware.openfire.net.DNSUtil - Can't process DNS lookup!
javax.naming.OperationNotSupportedException: DNS service refused [response code 5]; remaining name '_xmpp-server._tcp.bry2.'
	at com.sun.jndi.dns.DnsClient.checkResponseCode(DnsClient.java:659)
	at com.sun.jndi.dns.DnsClient.isMatchResponse(DnsClient.java:574)
	at com.sun.jndi.dns.DnsClient.doUdpQuery(DnsClient.java:423)
	at com.sun.jndi.dns.DnsClient.query(DnsClient.java:208)
	at com.sun.jndi.dns.Resolver.query(Resolver.java:81)
	at com.sun.jndi.dns.DnsContext.c_getAttributes(DnsContext.java:434)
	at com.sun.jndi.toolkit.ctx.ComponentDirContext.p_getAttributes(ComponentDirContext.java:235)
	at com.sun.jndi.toolkit.ctx.PartialCompositeDirContext.getAttributes(PartialCompositeDirContext.java:141)
	at com.sun.jndi.toolkit.ctx.PartialCompositeDirContext.getAttributes(PartialCompositeDirContext.java:129)
	at javax.naming.directory.InitialDirContext.getAttributes(InitialDirContext.java:142)
	at org.jivesoftware.openfire.net.DNSUtil.srvLookup(DNSUtil.java:203)
	at org.jivesoftware.openfire.net.DNSUtil.resolveXMPPDomain(DNSUtil.java:97)
	at org.jivesoftware.openfire.net.SocketUtil.createSocketToXmppDomain(SocketUtil.java:43)
	at org.jivesoftware.openfire.session.LocalOutgoingServerSession.createOutgoingSession(LocalOutgoingServerSession.java:245)
	at org.jivesoftware.openfire.session.LocalOutgoingServerSession.authenticateDomain(LocalOutgoingServerSession.java:206)
	at org.jivesoftware.openfire.server.OutgoingSessionPromise$PacketsProcessor.sendPacket(OutgoingSessionPromise.java:260)
	at org.jivesoftware.openfire.server.OutgoingSessionPromise$PacketsProcessor.run(OutgoingSessionPromise.java:238)
	at java.util.concurrent.ThreadPoolExecutor.runWorker(ThreadPoolExecutor.java:1149)
	at java.util.concurrent.ThreadPoolExecutor$Worker.run(ThreadPoolExecutor.java:624)
	at java.lang.Thread.run(Thread.java:748)
2018.09.06 17:52:23 org.jivesoftware.openfire.net.DNSUtil - Can't process DNS lookup!
javax.naming.OperationNotSupportedException: DNS service refused [response code 5]; remaining name '_jabber._tcp.bry2.'
	at com.sun.jndi.dns.DnsClient.checkResponseCode(DnsClient.java:659)
	at com.sun.jndi.dns.DnsClient.isMatchResponse(DnsClient.java:574)
	at com.sun.jndi.dns.DnsClient.doUdpQuery(DnsClient.java:423)
	at com.sun.jndi.dns.DnsClient.query(DnsClient.java:208)
	at com.sun.jndi.dns.Resolver.query(Resolver.java:81)
	at com.sun.jndi.dns.DnsContext.c_getAttributes(DnsContext.java:434)
	at com.sun.jndi.toolkit.ctx.ComponentDirContext.p_getAttributes(ComponentDirContext.java:235)
	at com.sun.jndi.toolkit.ctx.PartialCompositeDirContext.getAttributes(PartialCompositeDirContext.java:141)
	at com.sun.jndi.toolkit.ctx.PartialCompositeDirContext.getAttributes(PartialCompositeDirContext.java:129)
	at javax.naming.directory.InitialDirContext.getAttributes(InitialDirContext.java:142)
	at org.jivesoftware.openfire.net.DNSUtil.srvLookup(DNSUtil.java:203)
	at org.jivesoftware.openfire.net.DNSUtil.resolveXMPPDomain(DNSUtil.java:99)
	at org.jivesoftware.openfire.net.SocketUtil.createSocketToXmppDomain(SocketUtil.java:43)
	at org.jivesoftware.openfire.session.LocalOutgoingServerSession.createOutgoingSession(LocalOutgoingServerSession.java:245)
	at org.jivesoftware.openfire.session.LocalOutgoingServerSession.authenticateDomain(LocalOutgoingServerSession.java:206)
	at org.jivesoftware.openfire.server.OutgoingSessionPromise$PacketsProcessor.sendPacket(OutgoingSessionPromise.java:260)
	at org.jivesoftware.openfire.server.OutgoingSessionPromise$PacketsProcessor.run(OutgoingSessionPromise.java:238)
	at java.util.concurrent.ThreadPoolExecutor.runWorker(ThreadPoolExecutor.java:1149)
	at java.util.concurrent.ThreadPoolExecutor$Worker.run(ThreadPoolExecutor.java:624)
	at java.lang.Thread.run(Thread.java:748)
2018.09.06 17:53:48 com.reucon.openfire.plugin.archive.xep0313.IQQueryHandler - Error during resource binding. Session not found in [] for key bry2@lapjair/phone
2018.09.06 17:54:15 org.jivesoftware.openfire.net.DNSUtil - Can't process DNS lookup!
javax.naming.OperationNotSupportedException: DNS service refused [response code 5]; remaining name '_xmpp-server._tcp.bry2.'
	at com.sun.jndi.dns.DnsClient.checkResponseCode(DnsClient.java:659)
	at com.sun.jndi.dns.DnsClient.isMatchResponse(DnsClient.java:574)
	at com.sun.jndi.dns.DnsClient.doUdpQuery(DnsClient.java:423)
	at com.sun.jndi.dns.DnsClient.query(DnsClient.java:208)
	at com.sun.jndi.dns.Resolver.query(Resolver.java:81)
	at com.sun.jndi.dns.DnsContext.c_getAttributes(DnsContext.java:434)
	at com.sun.jndi.toolkit.ctx.ComponentDirContext.p_getAttributes(ComponentDirContext.java:235)
	at com.sun.jndi.toolkit.ctx.PartialCompositeDirContext.getAttributes(PartialCompositeDirContext.java:141)
	at com.sun.jndi.toolkit.ctx.PartialCompositeDirContext.getAttributes(PartialCompositeDirContext.java:129)
	at javax.naming.directory.InitialDirContext.getAttributes(InitialDirContext.java:142)
	at org.jivesoftware.openfire.net.DNSUtil.srvLookup(DNSUtil.java:203)
	at org.jivesoftware.openfire.net.DNSUtil.resolveXMPPDomain(DNSUtil.java:97)
	at org.jivesoftware.openfire.net.SocketUtil.createSocketToXmppDomain(SocketUtil.java:43)
	at org.jivesoftware.openfire.session.LocalOutgoingServerSession.createOutgoingSession(LocalOutgoingServerSession.java:245)
	at org.jivesoftware.openfire.session.LocalOutgoingServerSession.authenticateDomain(LocalOutgoingServerSession.java:206)
	at org.jivesoftware.openfire.server.OutgoingSessionPromise$PacketsProcessor.sendPacket(OutgoingSessionPromise.java:260)
	at org.jivesoftware.openfire.server.OutgoingSessionPromise$PacketsProcessor.run(OutgoingSessionPromise.java:238)
	at java.util.concurrent.ThreadPoolExecutor.runWorker(ThreadPoolExecutor.java:1149)
	at java.util.concurrent.ThreadPoolExecutor$Worker.run(ThreadPoolExecutor.java:624)
	at java.lang.Thread.run(Thread.java:748)
2018.09.06 17:54:15 org.jivesoftware.openfire.net.DNSUtil - Can't process DNS lookup!
javax.naming.OperationNotSupportedException: DNS service refused [response code 5]; remaining name '_jabber._tcp.bry2.'
	at com.sun.jndi.dns.DnsClient.checkResponseCode(DnsClient.java:659)
	at com.sun.jndi.dns.DnsClient.isMatchResponse(DnsClient.java:574)
	at com.sun.jndi.dns.DnsClient.doUdpQuery(DnsClient.java:423)
	at com.sun.jndi.dns.DnsClient.query(DnsClient.java:208)
	at com.sun.jndi.dns.Resolver.query(Resolver.java:81)
	at com.sun.jndi.dns.DnsContext.c_getAttributes(DnsContext.java:434)
	at com.sun.jndi.toolkit.ctx.ComponentDirContext.p_getAttributes(ComponentDirContext.java:235)
	at com.sun.jndi.toolkit.ctx.PartialCompositeDirContext.getAttributes(PartialCompositeDirContext.java:141)
	at com.sun.jndi.toolkit.ctx.PartialCompositeDirContext.getAttributes(PartialCompositeDirContext.java:129)
	at javax.naming.directory.InitialDirContext.getAttributes(InitialDirContext.java:142)
	at org.jivesoftware.openfire.net.DNSUtil.srvLookup(DNSUtil.java:203)
	at org.jivesoftware.openfire.net.DNSUtil.resolveXMPPDomain(DNSUtil.java:99)
	at org.jivesoftware.openfire.net.SocketUtil.createSocketToXmppDomain(SocketUtil.java:43)
	at org.jivesoftware.openfire.session.LocalOutgoingServerSession.createOutgoingSession(LocalOutgoingServerSession.java:245)
	at org.jivesoftware.openfire.session.LocalOutgoingServerSession.authenticateDomain(LocalOutgoingServerSession.java:206)
	at org.jivesoftware.openfire.server.OutgoingSessionPromise$PacketsProcessor.sendPacket(OutgoingSessionPromise.java:260)
	at org.jivesoftware.openfire.server.OutgoingSessionPromise$PacketsProcessor.run(OutgoingSessionPromise.java:238)
	at java.util.concurrent.ThreadPoolExecutor.runWorker(ThreadPoolExecutor.java:1149)
	at java.util.concurrent.ThreadPoolExecutor$Worker.run(ThreadPoolExecutor.java:624)
	at java.lang.Thread.run(Thread.java:748)
2018.09.06 17:54:39 org.jivesoftware.openfire.net.DNSUtil - Can't process DNS lookup!
javax.naming.OperationNotSupportedException: DNS service refused [response code 5]; remaining name '_xmpp-server._tcp.bry2.'
	at com.sun.jndi.dns.DnsClient.checkResponseCode(DnsClient.java:659)
	at com.sun.jndi.dns.DnsClient.isMatchResponse(DnsClient.java:574)
	at com.sun.jndi.dns.DnsClient.doUdpQuery(DnsClient.java:423)
	at com.sun.jndi.dns.DnsClient.query(DnsClient.java:208)
	at com.sun.jndi.dns.Resolver.query(Resolver.java:81)
	at com.sun.jndi.dns.DnsContext.c_getAttributes(DnsContext.java:434)
	at com.sun.jndi.toolkit.ctx.ComponentDirContext.p_getAttributes(ComponentDirContext.java:235)
	at com.sun.jndi.toolkit.ctx.PartialCompositeDirContext.getAttributes(PartialCompositeDirContext.java:141)
	at com.sun.jndi.toolkit.ctx.PartialCompositeDirContext.getAttributes(PartialCompositeDirContext.java:129)
	at javax.naming.directory.InitialDirContext.getAttributes(InitialDirContext.java:142)
	at org.jivesoftware.openfire.net.DNSUtil.srvLookup(DNSUtil.java:203)
	at org.jivesoftware.openfire.net.DNSUtil.resolveXMPPDomain(DNSUtil.java:97)
	at org.jivesoftware.openfire.net.SocketUtil.createSocketToXmppDomain(SocketUtil.java:43)
	at org.jivesoftware.openfire.session.LocalOutgoingServerSession.createOutgoingSession(LocalOutgoingServerSession.java:245)
	at org.jivesoftware.openfire.session.LocalOutgoingServerSession.authenticateDomain(LocalOutgoingServerSession.java:206)
	at org.jivesoftware.openfire.server.OutgoingSessionPromise$PacketsProcessor.sendPacket(OutgoingSessionPromise.java:260)
	at org.jivesoftware.openfire.server.OutgoingSessionPromise$PacketsProcessor.run(OutgoingSessionPromise.java:238)
	at java.util.concurrent.ThreadPoolExecutor.runWorker(ThreadPoolExecutor.java:1149)
	at java.util.concurrent.ThreadPoolExecutor$Worker.run(ThreadPoolExecutor.java:624)
	at java.lang.Thread.run(Thread.java:748)
2018.09.06 17:54:39 org.jivesoftware.openfire.net.DNSUtil - Can't process DNS lookup!
javax.naming.OperationNotSupportedException: DNS service refused [response code 5]; remaining name '_jabber._tcp.bry2.'
	at com.sun.jndi.dns.DnsClient.checkResponseCode(DnsClient.java:659)
	at com.sun.jndi.dns.DnsClient.isMatchResponse(DnsClient.java:574)
	at com.sun.jndi.dns.DnsClient.doUdpQuery(DnsClient.java:423)
	at com.sun.jndi.dns.DnsClient.query(DnsClient.java:208)
	at com.sun.jndi.dns.Resolver.query(Resolver.java:81)
	at com.sun.jndi.dns.DnsContext.c_getAttributes(DnsContext.java:434)
	at com.sun.jndi.toolkit.ctx.ComponentDirContext.p_getAttributes(ComponentDirContext.java:235)
	at com.sun.jndi.toolkit.ctx.PartialCompositeDirContext.getAttributes(PartialCompositeDirContext.java:141)
	at com.sun.jndi.toolkit.ctx.PartialCompositeDirContext.getAttributes(PartialCompositeDirContext.java:129)
	at javax.naming.directory.InitialDirContext.getAttributes(InitialDirContext.java:142)
	at org.jivesoftware.openfire.net.DNSUtil.srvLookup(DNSUtil.java:203)
	at org.jivesoftware.openfire.net.DNSUtil.resolveXMPPDomain(DNSUtil.java:99)
	at org.jivesoftware.openfire.net.SocketUtil.createSocketToXmppDomain(SocketUtil.java:43)
	at org.jivesoftware.openfire.session.LocalOutgoingServerSession.createOutgoingSession(LocalOutgoingServerSession.java:245)
	at org.jivesoftware.openfire.session.LocalOutgoingServerSession.authenticateDomain(LocalOutgoingServerSession.java:206)
	at org.jivesoftware.openfire.server.OutgoingSessionPromise$PacketsProcessor.sendPacket(OutgoingSessionPromise.java:260)
	at org.jivesoftware.openfire.server.OutgoingSessionPromise$PacketsProcessor.run(OutgoingSessionPromise.java:238)
	at java.util.concurrent.ThreadPoolExecutor.runWorker(ThreadPoolExecutor.java:1149)
	at java.util.concurrent.ThreadPoolExecutor$Worker.run(ThreadPoolExecutor.java:624)
	at java.lang.Thread.run(Thread.java:748)
2018.09.06 17:59:09 org.jivesoftware.openfire.net.DNSUtil - Can't process DNS lookup!
javax.naming.OperationNotSupportedException: DNS service refused [response code 5]; remaining name '_xmpp-server._tcp.192.168.43.116.'
	at com.sun.jndi.dns.DnsClient.checkResponseCode(DnsClient.java:659)
	at com.sun.jndi.dns.DnsClient.isMatchResponse(DnsClient.java:574)
	at com.sun.jndi.dns.DnsClient.doUdpQuery(DnsClient.java:423)
	at com.sun.jndi.dns.DnsClient.query(DnsClient.java:208)
	at com.sun.jndi.dns.Resolver.query(Resolver.java:81)
	at com.sun.jndi.dns.DnsContext.c_getAttributes(DnsContext.java:434)
	at com.sun.jndi.toolkit.ctx.ComponentDirContext.p_getAttributes(ComponentDirContext.java:235)
	at com.sun.jndi.toolkit.ctx.PartialCompositeDirContext.getAttributes(PartialCompositeDirContext.java:141)
	at com.sun.jndi.toolkit.ctx.PartialCompositeDirContext.getAttributes(PartialCompositeDirContext.java:129)
	at javax.naming.directory.InitialDirContext.getAttributes(InitialDirContext.java:142)
	at org.jivesoftware.openfire.net.DNSUtil.srvLookup(DNSUtil.java:203)
	at org.jivesoftware.openfire.net.DNSUtil.resolveXMPPDomain(DNSUtil.java:97)
	at org.jivesoftware.openfire.net.SocketUtil.createSocketToXmppDomain(SocketUtil.java:43)
	at org.jivesoftware.openfire.session.LocalOutgoingServerSession.createOutgoingSession(LocalOutgoingServerSession.java:245)
	at org.jivesoftware.openfire.session.LocalOutgoingServerSession.authenticateDomain(LocalOutgoingServerSession.java:206)
	at org.jivesoftware.openfire.server.OutgoingSessionPromise$PacketsProcessor.sendPacket(OutgoingSessionPromise.java:260)
	at org.jivesoftware.openfire.server.OutgoingSessionPromise$PacketsProcessor.run(OutgoingSessionPromise.java:238)
	at java.util.concurrent.ThreadPoolExecutor.runWorker(ThreadPoolExecutor.java:1149)
	at java.util.concurrent.ThreadPoolExecutor$Worker.run(ThreadPoolExecutor.java:624)
	at java.lang.Thread.run(Thread.java:748)
2018.09.06 17:59:09 org.jivesoftware.openfire.net.DNSUtil - Can't process DNS lookup!
javax.naming.OperationNotSupportedException: DNS service refused [response code 5]; remaining name '_jabber._tcp.192.168.43.116.'
	at com.sun.jndi.dns.DnsClient.checkResponseCode(DnsClient.java:659)
	at com.sun.jndi.dns.DnsClient.isMatchResponse(DnsClient.java:574)
	at com.sun.jndi.dns.DnsClient.doUdpQuery(DnsClient.java:423)
	at com.sun.jndi.dns.DnsClient.query(DnsClient.java:208)
	at com.sun.jndi.dns.Resolver.query(Resolver.java:81)
	at com.sun.jndi.dns.DnsContext.c_getAttributes(DnsContext.java:434)
	at com.sun.jndi.toolkit.ctx.ComponentDirContext.p_getAttributes(ComponentDirContext.java:235)
	at com.sun.jndi.toolkit.ctx.PartialCompositeDirContext.getAttributes(PartialCompositeDirContext.java:141)
	at com.sun.jndi.toolkit.ctx.PartialCompositeDirContext.getAttributes(PartialCompositeDirContext.java:129)
	at javax.naming.directory.InitialDirContext.getAttributes(InitialDirContext.java:142)
	at org.jivesoftware.openfire.net.DNSUtil.srvLookup(DNSUtil.java:203)
	at org.jivesoftware.openfire.net.DNSUtil.resolveXMPPDomain(DNSUtil.java:99)
	at org.jivesoftware.openfire.net.SocketUtil.createSocketToXmppDomain(SocketUtil.java:43)
	at org.jivesoftware.openfire.session.LocalOutgoingServerSession.createOutgoingSession(LocalOutgoingServerSession.java:245)
	at org.jivesoftware.openfire.session.LocalOutgoingServerSession.authenticateDomain(LocalOutgoingServerSession.java:206)
	at org.jivesoftware.openfire.server.OutgoingSessionPromise$PacketsProcessor.sendPacket(OutgoingSessionPromise.java:260)
	at org.jivesoftware.openfire.server.OutgoingSessionPromise$PacketsProcessor.run(OutgoingSessionPromise.java:238)
	at java.util.concurrent.ThreadPoolExecutor.runWorker(ThreadPoolExecutor.java:1149)
	at java.util.concurrent.ThreadPoolExecutor$Worker.run(ThreadPoolExecutor.java:624)
	at java.lang.Thread.run(Thread.java:748)
2018.09.06 17:59:09 org.jivesoftware.openfire.net.DNSUtil - Can't process DNS lookup!
javax.naming.OperationNotSupportedException: DNS service refused [response code 5]; remaining name '_xmpp-server._tcp.192.168.43.116.'
	at com.sun.jndi.dns.DnsClient.checkResponseCode(DnsClient.java:659)
	at com.sun.jndi.dns.DnsClient.isMatchResponse(DnsClient.java:574)
	at com.sun.jndi.dns.DnsClient.doUdpQuery(DnsClient.java:423)
	at com.sun.jndi.dns.DnsClient.query(DnsClient.java:208)
	at com.sun.jndi.dns.Resolver.query(Resolver.java:81)
	at com.sun.jndi.dns.DnsContext.c_getAttributes(DnsContext.java:434)
	at com.sun.jndi.toolkit.ctx.ComponentDirContext.p_getAttributes(ComponentDirContext.java:235)
	at com.sun.jndi.toolkit.ctx.PartialCompositeDirContext.getAttributes(PartialCompositeDirContext.java:141)
	at com.sun.jndi.toolkit.ctx.PartialCompositeDirContext.getAttributes(PartialCompositeDirContext.java:129)
	at javax.naming.directory.InitialDirContext.getAttributes(InitialDirContext.java:142)
	at org.jivesoftware.openfire.net.DNSUtil.srvLookup(DNSUtil.java:203)
	at org.jivesoftware.openfire.net.DNSUtil.resolveXMPPDomain(DNSUtil.java:97)
	at org.jivesoftware.openfire.net.SocketUtil.createSocketToXmppDomain(SocketUtil.java:43)
	at org.jivesoftware.openfire.server.ServerDialback.createOutgoingSession(ServerDialback.java:210)
	at org.jivesoftware.openfire.session.LocalOutgoingServerSession.createOutgoingSession(LocalOutgoingServerSession.java:373)
	at org.jivesoftware.openfire.session.LocalOutgoingServerSession.authenticateDomain(LocalOutgoingServerSession.java:206)
	at org.jivesoftware.openfire.server.OutgoingSessionPromise$PacketsProcessor.sendPacket(OutgoingSessionPromise.java:260)
	at org.jivesoftware.openfire.server.OutgoingSessionPromise$PacketsProcessor.run(OutgoingSessionPromise.java:238)
	at java.util.concurrent.ThreadPoolExecutor.runWorker(ThreadPoolExecutor.java:1149)
	at java.util.concurrent.ThreadPoolExecutor$Worker.run(ThreadPoolExecutor.java:624)
	at java.lang.Thread.run(Thread.java:748)
2018.09.06 17:59:09 org.jivesoftware.openfire.net.DNSUtil - Can't process DNS lookup!
javax.naming.OperationNotSupportedException: DNS service refused [response code 5]; remaining name '_jabber._tcp.192.168.43.116.'
	at com.sun.jndi.dns.DnsClient.checkResponseCode(DnsClient.java:659)
	at com.sun.jndi.dns.DnsClient.isMatchResponse(DnsClient.java:574)
	at com.sun.jndi.dns.DnsClient.doUdpQuery(DnsClient.java:423)
	at com.sun.jndi.dns.DnsClient.query(DnsClient.java:208)
	at com.sun.jndi.dns.Resolver.query(Resolver.java:81)
	at com.sun.jndi.dns.DnsContext.c_getAttributes(DnsContext.java:434)
	at com.sun.jndi.toolkit.ctx.ComponentDirContext.p_getAttributes(ComponentDirContext.java:235)
	at com.sun.jndi.toolkit.ctx.PartialCompositeDirContext.getAttributes(PartialCompositeDirContext.java:141)
	at com.sun.jndi.toolkit.ctx.PartialCompositeDirContext.getAttributes(PartialCompositeDirContext.java:129)
	at javax.naming.directory.InitialDirContext.getAttributes(InitialDirContext.java:142)
	at org.jivesoftware.openfire.net.DNSUtil.srvLookup(DNSUtil.java:203)
	at org.jivesoftware.openfire.net.DNSUtil.resolveXMPPDomain(DNSUtil.java:99)
	at org.jivesoftware.openfire.net.SocketUtil.createSocketToXmppDomain(SocketUtil.java:43)
	at org.jivesoftware.openfire.server.ServerDialback.createOutgoingSession(ServerDialback.java:210)
	at org.jivesoftware.openfire.session.LocalOutgoingServerSession.createOutgoingSession(LocalOutgoingServerSession.java:373)
	at org.jivesoftware.openfire.session.LocalOutgoingServerSession.authenticateDomain(LocalOutgoingServerSession.java:206)
	at org.jivesoftware.openfire.server.OutgoingSessionPromise$PacketsProcessor.sendPacket(OutgoingSessionPromise.java:260)
	at org.jivesoftware.openfire.server.OutgoingSessionPromise$PacketsProcessor.run(OutgoingSessionPromise.java:238)
	at java.util.concurrent.ThreadPoolExecutor.runWorker(ThreadPoolExecutor.java:1149)
	at java.util.concurrent.ThreadPoolExecutor$Worker.run(ThreadPoolExecutor.java:624)
	at java.lang.Thread.run(Thread.java:748)
2018.09.06 18:03:09 org.jivesoftware.openfire.filetransfer.proxy.ProxyConnectionManager - Error processing file transfer proxy connection
java.io.IOException: Illegal proxy transfer
	at org.jivesoftware.openfire.filetransfer.proxy.ProxyConnectionManager.processConnection(ProxyConnectionManager.java:205)
	at org.jivesoftware.openfire.filetransfer.proxy.ProxyConnectionManager.access$200(ProxyConnectionManager.java:53)
	at org.jivesoftware.openfire.filetransfer.proxy.ProxyConnectionManager$1$1.run(ProxyConnectionManager.java:125)
	at java.util.concurrent.Executors$RunnableAdapter.call(Executors.java:511)
	at java.util.concurrent.FutureTask.run(FutureTask.java:266)
	at java.util.concurrent.ThreadPoolExecutor.runWorker(ThreadPoolExecutor.java:1149)
	at java.util.concurrent.ThreadPoolExecutor$Worker.run(ThreadPoolExecutor.java:624)
	at java.lang.Thread.run(Thread.java:748)
2018.09.06 18:03:20 org.jivesoftware.openfire.filetransfer.proxy.ProxyConnectionManager - Error processing file transfer proxy connection
java.io.IOException: Error reading Socks5 version and command
	at org.jivesoftware.openfire.filetransfer.proxy.ProxyConnectionManager.processIncomingSocks5Message(ProxyConnectionManager.java:233)
	at org.jivesoftware.openfire.filetransfer.proxy.ProxyConnectionManager.processConnection(ProxyConnectionManager.java:186)
	at org.jivesoftware.openfire.filetransfer.proxy.ProxyConnectionManager.access$200(ProxyConnectionManager.java:53)
	at org.jivesoftware.openfire.filetransfer.proxy.ProxyConnectionManager$1$1.run(ProxyConnectionManager.java:125)
	at java.util.concurrent.Executors$RunnableAdapter.call(Executors.java:511)
	at java.util.concurrent.FutureTask.run(FutureTask.java:266)
	at java.util.concurrent.ThreadPoolExecutor.runWorker(ThreadPoolExecutor.java:1149)
	at java.util.concurrent.ThreadPoolExecutor$Worker.run(ThreadPoolExecutor.java:624)
	at java.lang.Thread.run(Thread.java:748)
2018.09.06 18:03:20 org.jivesoftware.openfire.filetransfer.proxy.ProxyConnectionManager - Error processing file transfer proxy connection
java.io.IOException: Illegal proxy transfer
	at org.jivesoftware.openfire.filetransfer.proxy.ProxyConnectionManager.processConnection(ProxyConnectionManager.java:205)
	at org.jivesoftware.openfire.filetransfer.proxy.ProxyConnectionManager.access$200(ProxyConnectionManager.java:53)
	at org.jivesoftware.openfire.filetransfer.proxy.ProxyConnectionManager$1$1.run(ProxyConnectionManager.java:125)
	at java.util.concurrent.Executors$RunnableAdapter.call(Executors.java:511)
	at java.util.concurrent.FutureTask.run(FutureTask.java:266)
	at java.util.concurrent.ThreadPoolExecutor.runWorker(ThreadPoolExecutor.java:1149)
	at java.util.concurrent.ThreadPoolExecutor$Worker.run(ThreadPoolExecutor.java:624)
	at java.lang.Thread.run(Thread.java:748)
2018.09.06 18:03:34 org.jivesoftware.openfire.filetransfer.proxy.ProxyConnectionManager - Error processing file transfer proxy connection
java.io.IOException: Illegal proxy transfer
	at org.jivesoftware.openfire.filetransfer.proxy.ProxyConnectionManager.processConnection(ProxyConnectionManager.java:205)
	at org.jivesoftware.openfire.filetransfer.proxy.ProxyConnectionManager.access$200(ProxyConnectionManager.java:53)
	at org.jivesoftware.openfire.filetransfer.proxy.ProxyConnectionManager$1$1.run(ProxyConnectionManager.java:125)
	at java.util.concurrent.Executors$RunnableAdapter.call(Executors.java:511)
	at java.util.concurrent.FutureTask.run(FutureTask.java:266)
	at java.util.concurrent.ThreadPoolExecutor.runWorker(ThreadPoolExecutor.java:1149)
	at java.util.concurrent.ThreadPoolExecutor$Worker.run(ThreadPoolExecutor.java:624)
	at java.lang.Thread.run(Thread.java:748)
2018.09.06 18:03:40 org.jivesoftware.openfire.filetransfer.proxy.ProxyConnectionManager - Error processing file transfer proxy connection
java.io.IOException: Illegal proxy transfer
	at org.jivesoftware.openfire.filetransfer.proxy.ProxyConnectionManager.processConnection(ProxyConnectionManager.java:205)
	at org.jivesoftware.openfire.filetransfer.proxy.ProxyConnectionManager.access$200(ProxyConnectionManager.java:53)
	at org.jivesoftware.openfire.filetransfer.proxy.ProxyConnectionManager$1$1.run(ProxyConnectionManager.java:125)
	at java.util.concurrent.Executors$RunnableAdapter.call(Executors.java:511)
	at java.util.concurrent.FutureTask.run(FutureTask.java:266)
	at java.util.concurrent.ThreadPoolExecutor.runWorker(ThreadPoolExecutor.java:1149)
	at java.util.concurrent.ThreadPoolExecutor$Worker.run(ThreadPoolExecutor.java:624)
	at java.lang.Thread.run(Thread.java:748)
2018.09.06 18:06:08 com.reucon.openfire.plugin.archive.xep0313.IQQueryHandler - Error during resource binding. Session not found in [] for key jair@lapjair/phone
2018.09.06 18:06:08 org.jivesoftware.openfire.filetransfer.proxy.ProxyConnectionManager - Error processing file transfer proxy connection
java.io.IOException: Illegal proxy transfer
	at org.jivesoftware.openfire.filetransfer.proxy.ProxyConnectionManager.processConnection(ProxyConnectionManager.java:205)
	at org.jivesoftware.openfire.filetransfer.proxy.ProxyConnectionManager.access$200(ProxyConnectionManager.java:53)
	at org.jivesoftware.openfire.filetransfer.proxy.ProxyConnectionManager$1$1.run(ProxyConnectionManager.java:125)
	at java.util.concurrent.Executors$RunnableAdapter.call(Executors.java:511)
	at java.util.concurrent.FutureTask.run(FutureTask.java:266)
	at java.util.concurrent.ThreadPoolExecutor.runWorker(ThreadPoolExecutor.java:1149)
	at java.util.concurrent.ThreadPoolExecutor$Worker.run(ThreadPoolExecutor.java:624)
	at java.lang.Thread.run(Thread.java:748)
2018.09.06 18:06:08 org.jivesoftware.openfire.filetransfer.proxy.ProxyConnectionManager - Error processing file transfer proxy connection
java.io.IOException: Illegal proxy transfer
	at org.jivesoftware.openfire.filetransfer.proxy.ProxyConnectionManager.processConnection(ProxyConnectionManager.java:205)
	at org.jivesoftware.openfire.filetransfer.proxy.ProxyConnectionManager.access$200(ProxyConnectionManager.java:53)
	at org.jivesoftware.openfire.filetransfer.proxy.ProxyConnectionManager$1$1.run(ProxyConnectionManager.java:125)
	at java.util.concurrent.Executors$RunnableAdapter.call(Executors.java:511)
	at java.util.concurrent.FutureTask.run(FutureTask.java:266)
	at java.util.concurrent.ThreadPoolExecutor.runWorker(ThreadPoolExecutor.java:1149)
	at java.util.concurrent.ThreadPoolExecutor$Worker.run(ThreadPoolExecutor.java:624)
	at java.lang.Thread.run(Thread.java:748)
2018.09.06 18:08:17 org.jivesoftware.openfire.net.DNSUtil - Can't process DNS lookup!
javax.naming.OperationNotSupportedException: DNS service refused [response code 5]; remaining name '_xmpp-server._tcp.192.168.43.116.'
	at com.sun.jndi.dns.DnsClient.checkResponseCode(DnsClient.java:659)
	at com.sun.jndi.dns.DnsClient.isMatchResponse(DnsClient.java:574)
	at com.sun.jndi.dns.DnsClient.doUdpQuery(DnsClient.java:423)
	at com.sun.jndi.dns.DnsClient.query(DnsClient.java:208)
	at com.sun.jndi.dns.Resolver.query(Resolver.java:81)
	at com.sun.jndi.dns.DnsContext.c_getAttributes(DnsContext.java:434)
	at com.sun.jndi.toolkit.ctx.ComponentDirContext.p_getAttributes(ComponentDirContext.java:235)
	at com.sun.jndi.toolkit.ctx.PartialCompositeDirContext.getAttributes(PartialCompositeDirContext.java:141)
	at com.sun.jndi.toolkit.ctx.PartialCompositeDirContext.getAttributes(PartialCompositeDirContext.java:129)
	at javax.naming.directory.InitialDirContext.getAttributes(InitialDirContext.java:142)
	at org.jivesoftware.openfire.net.DNSUtil.srvLookup(DNSUtil.java:203)
	at org.jivesoftware.openfire.net.DNSUtil.resolveXMPPDomain(DNSUtil.java:97)
	at org.jivesoftware.openfire.net.SocketUtil.createSocketToXmppDomain(SocketUtil.java:43)
	at org.jivesoftware.openfire.session.LocalOutgoingServerSession.createOutgoingSession(LocalOutgoingServerSession.java:245)
	at org.jivesoftware.openfire.session.LocalOutgoingServerSession.authenticateDomain(LocalOutgoingServerSession.java:206)
	at org.jivesoftware.openfire.server.OutgoingSessionPromise$PacketsProcessor.sendPacket(OutgoingSessionPromise.java:260)
	at org.jivesoftware.openfire.server.OutgoingSessionPromise$PacketsProcessor.run(OutgoingSessionPromise.java:238)
	at java.util.concurrent.ThreadPoolExecutor.runWorker(ThreadPoolExecutor.java:1149)
	at java.util.concurrent.ThreadPoolExecutor$Worker.run(ThreadPoolExecutor.java:624)
	at java.lang.Thread.run(Thread.java:748)
2018.09.06 18:08:17 org.jivesoftware.openfire.net.DNSUtil - Can't process DNS lookup!
javax.naming.OperationNotSupportedException: DNS service refused [response code 5]; remaining name '_jabber._tcp.192.168.43.116.'
	at com.sun.jndi.dns.DnsClient.checkResponseCode(DnsClient.java:659)
	at com.sun.jndi.dns.DnsClient.isMatchResponse(DnsClient.java:574)
	at com.sun.jndi.dns.DnsClient.doUdpQuery(DnsClient.java:423)
	at com.sun.jndi.dns.DnsClient.query(DnsClient.java:208)
	at com.sun.jndi.dns.Resolver.query(Resolver.java:81)
	at com.sun.jndi.dns.DnsContext.c_getAttributes(DnsContext.java:434)
	at com.sun.jndi.toolkit.ctx.ComponentDirContext.p_getAttributes(ComponentDirContext.java:235)
	at com.sun.jndi.toolkit.ctx.PartialCompositeDirContext.getAttributes(PartialCompositeDirContext.java:141)
	at com.sun.jndi.toolkit.ctx.PartialCompositeDirContext.getAttributes(PartialCompositeDirContext.java:129)
	at javax.naming.directory.InitialDirContext.getAttributes(InitialDirContext.java:142)
	at org.jivesoftware.openfire.net.DNSUtil.srvLookup(DNSUtil.java:203)
	at org.jivesoftware.openfire.net.DNSUtil.resolveXMPPDomain(DNSUtil.java:99)
	at org.jivesoftware.openfire.net.SocketUtil.createSocketToXmppDomain(SocketUtil.java:43)
	at org.jivesoftware.openfire.session.LocalOutgoingServerSession.createOutgoingSession(LocalOutgoingServerSession.java:245)
	at org.jivesoftware.openfire.session.LocalOutgoingServerSession.authenticateDomain(LocalOutgoingServerSession.java:206)
	at org.jivesoftware.openfire.server.OutgoingSessionPromise$PacketsProcessor.sendPacket(OutgoingSessionPromise.java:260)
	at org.jivesoftware.openfire.server.OutgoingSessionPromise$PacketsProcessor.run(OutgoingSessionPromise.java:238)
	at java.util.concurrent.ThreadPoolExecutor.runWorker(ThreadPoolExecutor.java:1149)
	at java.util.concurrent.ThreadPoolExecutor$Worker.run(ThreadPoolExecutor.java:624)
	at java.lang.Thread.run(Thread.java:748)
2018.09.06 18:08:17 org.jivesoftware.openfire.net.DNSUtil - Can't process DNS lookup!
javax.naming.OperationNotSupportedException: DNS service refused [response code 5]; remaining name '_xmpp-server._tcp.192.168.43.116.'
	at com.sun.jndi.dns.DnsClient.checkResponseCode(DnsClient.java:659)
	at com.sun.jndi.dns.DnsClient.isMatchResponse(DnsClient.java:574)
	at com.sun.jndi.dns.DnsClient.doUdpQuery(DnsClient.java:423)
	at com.sun.jndi.dns.DnsClient.query(DnsClient.java:208)
	at com.sun.jndi.dns.Resolver.query(Resolver.java:81)
	at com.sun.jndi.dns.DnsContext.c_getAttributes(DnsContext.java:434)
	at com.sun.jndi.toolkit.ctx.ComponentDirContext.p_getAttributes(ComponentDirContext.java:235)
	at com.sun.jndi.toolkit.ctx.PartialCompositeDirContext.getAttributes(PartialCompositeDirContext.java:141)
	at com.sun.jndi.toolkit.ctx.PartialCompositeDirContext.getAttributes(PartialCompositeDirContext.java:129)
	at javax.naming.directory.InitialDirContext.getAttributes(InitialDirContext.java:142)
	at org.jivesoftware.openfire.net.DNSUtil.srvLookup(DNSUtil.java:203)
	at org.jivesoftware.openfire.net.DNSUtil.resolveXMPPDomain(DNSUtil.java:97)
	at org.jivesoftware.openfire.net.SocketUtil.createSocketToXmppDomain(SocketUtil.java:43)
	at org.jivesoftware.openfire.server.ServerDialback.createOutgoingSession(ServerDialback.java:210)
	at org.jivesoftware.openfire.session.LocalOutgoingServerSession.createOutgoingSession(LocalOutgoingServerSession.java:373)
	at org.jivesoftware.openfire.session.LocalOutgoingServerSession.authenticateDomain(LocalOutgoingServerSession.java:206)
	at org.jivesoftware.openfire.server.OutgoingSessionPromise$PacketsProcessor.sendPacket(OutgoingSessionPromise.java:260)
	at org.jivesoftware.openfire.server.OutgoingSessionPromise$PacketsProcessor.run(OutgoingSessionPromise.java:238)
	at java.util.concurrent.ThreadPoolExecutor.runWorker(ThreadPoolExecutor.java:1149)
	at java.util.concurrent.ThreadPoolExecutor$Worker.run(ThreadPoolExecutor.java:624)
	at java.lang.Thread.run(Thread.java:748)
2018.09.06 18:08:17 org.jivesoftware.openfire.net.DNSUtil - Can't process DNS lookup!
javax.naming.OperationNotSupportedException: DNS service refused [response code 5]; remaining name '_jabber._tcp.192.168.43.116.'
	at com.sun.jndi.dns.DnsClient.checkResponseCode(DnsClient.java:659)
	at com.sun.jndi.dns.DnsClient.isMatchResponse(DnsClient.java:574)
	at com.sun.jndi.dns.DnsClient.doUdpQuery(DnsClient.java:423)
	at com.sun.jndi.dns.DnsClient.query(DnsClient.java:208)
	at com.sun.jndi.dns.Resolver.query(Resolver.java:81)
	at com.sun.jndi.dns.DnsContext.c_getAttributes(DnsContext.java:434)
	at com.sun.jndi.toolkit.ctx.ComponentDirContext.p_getAttributes(ComponentDirContext.java:235)
	at com.sun.jndi.toolkit.ctx.PartialCompositeDirContext.getAttributes(PartialCompositeDirContext.java:141)
	at com.sun.jndi.toolkit.ctx.PartialCompositeDirContext.getAttributes(PartialCompositeDirContext.java:129)
	at javax.naming.directory.InitialDirContext.getAttributes(InitialDirContext.java:142)
	at org.jivesoftware.openfire.net.DNSUtil.srvLookup(DNSUtil.java:203)
	at org.jivesoftware.openfire.net.DNSUtil.resolveXMPPDomain(DNSUtil.java:99)
	at org.jivesoftware.openfire.net.SocketUtil.createSocketToXmppDomain(SocketUtil.java:43)
	at org.jivesoftware.openfire.server.ServerDialback.createOutgoingSession(ServerDialback.java:210)
	at org.jivesoftware.openfire.session.LocalOutgoingServerSession.createOutgoingSession(LocalOutgoingServerSession.java:373)
	at org.jivesoftware.openfire.session.LocalOutgoingServerSession.authenticateDomain(LocalOutgoingServerSession.java:206)
	at org.jivesoftware.openfire.server.OutgoingSessionPromise$PacketsProcessor.sendPacket(OutgoingSessionPromise.java:260)
	at org.jivesoftware.openfire.server.OutgoingSessionPromise$PacketsProcessor.run(OutgoingSessionPromise.java:238)
	at java.util.concurrent.ThreadPoolExecutor.runWorker(ThreadPoolExecutor.java:1149)
	at java.util.concurrent.ThreadPoolExecutor$Worker.run(ThreadPoolExecutor.java:624)
	at java.lang.Thread.run(Thread.java:748)
